TN:
SF:software-testing-assignment\add.js
FN:16,(anonymous_0)
FNF:1
FNH:1
FNDA:7,(anonymous_0)
DA:16,7
LF:1
LH:1
BRF:0
BRH:0
end_of_record
TN:
SF:software-testing-assignment\countBy.js
FN:29,countBy
FN:30,(anonymous_1)
FNF:2
FNH:2
FNDA:6,countBy
FNDA:20,(anonymous_1)
DA:5,1
DA:30,6
DA:31,20
DA:32,20
DA:33,9
DA:35,11
DA:37,20
LF:7
LH:7
BRDA:32,0,0,9
BRDA:32,0,1,11
BRF:2
BRH:2
end_of_record
TN:
SF:software-testing-assignment\every.js
FN:22,every
FNF:1
FNH:1
FNDA:11,every
DA:23,11
DA:24,11
DA:26,11
DA:27,21
DA:28,3
DA:31,8
LF:6
LH:6
BRDA:24,0,0,2
BRDA:24,0,1,9
BRDA:27,1,0,3
BRDA:27,1,1,18
BRF:4
BRH:4
end_of_record
TN:
SF:software-testing-assignment\filter.js
FN:24,filter
FNF:1
FNH:1
FNDA:6,filter
DA:25,6
DA:26,6
DA:27,6
DA:28,6
DA:30,6
DA:31,16
DA:32,16
DA:33,7
DA:36,6
LF:9
LH:9
BRDA:27,0,0,1
BRDA:27,0,1,5
BRDA:32,1,0,7
BRDA:32,1,1,9
BRF:4
BRH:4
end_of_record
TN:
SF:software-testing-assignment\isArguments.js
FN:19,isArguments
FNF:1
FNH:0
FNDA:0,isArguments
DA:20,0
LF:1
LH:0
BRDA:20,0,0,0
BRDA:20,0,1,0
BRF:2
BRH:0
end_of_record
TN:
SF:software-testing-assignment\isArrayLike.js
FN:26,isArrayLike
FNF:1
FNH:1
FNDA:29,isArrayLike
DA:27,29
LF:1
LH:1
BRDA:27,0,0,29
BRDA:27,0,1,29
BRDA:27,0,2,29
BRF:3
BRH:3
end_of_record
TN:
SF:software-testing-assignment\isBuffer.js
FN:33,(anonymous_0)
FNF:1
FNH:0
FNDA:0,(anonymous_0)
DA:4,3
DA:7,3
DA:10,3
DA:13,3
DA:16,3
DA:33,3
LF:6
LH:6
BRDA:4,0,0,3
BRDA:4,0,1,3
BRDA:4,0,2,3
BRDA:4,0,3,3
BRDA:7,1,0,3
BRDA:7,1,1,3
BRDA:7,1,2,3
BRDA:7,1,3,3
BRDA:7,1,4,3
BRDA:10,2,0,3
BRDA:10,2,1,3
BRDA:13,3,0,3
BRDA:13,3,1,0
BRDA:16,4,0,3
BRDA:16,4,1,0
BRDA:33,5,0,3
BRDA:33,5,1,0
BRF:17
BRH:14
end_of_record
TN:
SF:software-testing-assignment\isEmpty.js
FN:45,isEmpty
FNF:1
FNH:1
FNDA:22,isEmpty
DA:9,1
DA:46,22
DA:47,3
DA:49,19
DA:52,5
DA:54,14
DA:55,14
DA:56,6
DA:58,8
DA:59,0
DA:61,8
DA:62,2
DA:63,2
DA:66,6
LF:14
LH:13
BRDA:46,0,0,3
BRDA:46,0,1,19
BRDA:49,1,0,5
BRDA:49,1,1,14
BRDA:49,2,0,19
BRDA:49,2,1,5
BRDA:49,2,2,2
BRDA:49,2,3,0
BRDA:49,2,4,0
BRDA:49,2,5,0
BRDA:49,2,6,0
BRDA:55,3,0,6
BRDA:55,3,1,8
BRDA:55,4,0,14
BRDA:55,4,1,11
BRDA:58,5,0,0
BRDA:58,5,1,8
BRDA:62,6,0,2
BRDA:62,6,1,0
BRF:19
BRH:13
end_of_record
TN:
SF:software-testing-assignment\isLength.js
FN:28,isLength
FNF:1
FNH:1
FNDA:29,isLength
DA:2,3
DA:29,29
LF:2
LH:2
BRDA:29,0,0,29
BRDA:29,0,1,5
BRDA:29,0,2,5
BRDA:29,0,3,5
BRF:4
BRH:4
end_of_record
TN:
SF:software-testing-assignment\isObjectLike.js
FN:23,isObjectLike
FNF:1
FNH:0
FNDA:0,isObjectLike
DA:24,0
LF:1
LH:0
BRDA:24,0,0,0
BRDA:24,0,1,0
BRF:2
BRH:0
end_of_record
TN:
SF:software-testing-assignment\isSymbol.js
FN:18,isSymbol
FNF:1
FNH:1
FNDA:10,isSymbol
DA:19,10
DA:20,10
LF:2
LH:2
BRDA:20,0,0,10
BRDA:20,0,1,10
BRDA:20,0,2,1
BRDA:20,0,3,0
BRF:4
BRH:3
end_of_record
TN:
SF:software-testing-assignment\isTypedArray.js
FN:27,(anonymous_0)
FN:28,(anonymous_1)
FNF:2
FNH:0
FNDA:0,(anonymous_0)
FNDA:0,(anonymous_1)
DA:6,3
DA:9,3
DA:26,3
DA:27,0
DA:28,0
LF:5
LH:3
BRDA:9,0,0,3
BRDA:9,0,1,3
BRDA:26,1,0,3
BRDA:26,1,1,0
BRDA:28,2,0,0
BRDA:28,2,1,0
BRF:6
BRH:3
end_of_record
TN:
SF:software-testing-assignment\keys.js
FN:31,keys
FNF:1
FNH:1
FNDA:5,keys
DA:32,5
LF:1
LH:1
BRDA:32,0,0,0
BRDA:32,0,1,5
BRF:2
BRH:1
end_of_record
TN:
SF:software-testing-assignment\map.js
FN:19,map
FNF:1
FNH:1
FNDA:9,map
DA:20,9
DA:21,9
DA:22,9
DA:24,9
DA:25,17
DA:27,9
LF:6
LH:6
BRDA:21,0,0,2
BRDA:21,0,1,7
BRF:2
BRH:2
end_of_record
TN:
SF:software-testing-assignment\reduce.js
FN:38,reduce
FNF:1
FNH:1
FNDA:16,reduce
DA:39,16
DA:40,16
DA:41,16
LF:3
LH:3
BRDA:39,0,0,11
BRDA:39,0,1,5
BRF:2
BRH:2
end_of_record
TN:
SF:software-testing-assignment\slice.js
FN:21,slice
FNF:1
FNH:0
FNDA:0,slice
DA:22,0
DA:23,0
DA:24,0
DA:26,0
DA:27,0
DA:29,0
DA:30,0
DA:32,0
DA:33,0
DA:35,0
DA:36,0
DA:38,0
DA:39,0
DA:40,0
DA:41,0
DA:43,0
LF:16
LH:0
BRDA:22,0,0,0
BRDA:22,0,1,0
BRDA:23,1,0,0
BRDA:23,1,1,0
BRDA:26,2,0,0
BRDA:26,2,1,0
BRDA:27,3,0,0
BRDA:27,3,1,0
BRDA:29,4,0,0
BRDA:29,4,1,0
BRDA:30,5,0,0
BRDA:30,5,1,0
BRDA:32,6,0,0
BRDA:32,6,1,0
BRDA:35,7,0,0
BRDA:35,7,1,0
BRF:16
BRH:0
end_of_record
TN:
SF:software-testing-assignment\toString.js
FN:25,toString
FN:33,(anonymous_1)
FNF:2
FNH:2
FNDA:10,toString
FNDA:3,(anonymous_1)
DA:4,1
DA:28,10
DA:29,0
DA:31,10
DA:33,3
DA:35,9
DA:36,0
DA:38,9
DA:39,9
LF:9
LH:7
BRDA:28,0,0,0
BRDA:28,0,1,10
BRDA:31,1,0,1
BRDA:31,1,1,9
BRDA:33,2,0,0
BRDA:33,2,1,3
BRDA:35,3,0,0
BRDA:35,3,1,9
BRDA:39,4,0,0
BRDA:39,4,1,9
BRDA:39,5,0,9
BRDA:39,5,1,0
BRF:12
BRH:7
end_of_record
TN:
SF:software-testing-assignment\upperFirst.js
FNF:0
FNH:0
DA:19,1
LF:1
LH:1
BRF:0
BRH:0
end_of_record
TN:
SF:software-testing-assignment\.internal\arrayLikeKeys.js
FN:17,arrayLikeKeys
FNF:1
FNH:0
FNDA:0,arrayLikeKeys
DA:7,2
DA:18,0
DA:19,0
DA:20,0
DA:21,0
DA:22,0
DA:23,0
DA:24,0
DA:25,0
DA:26,0
DA:27,0
DA:29,0
DA:30,0
DA:37,0
DA:40,0
LF:15
LH:1
BRDA:19,0,0,0
BRDA:19,0,1,0
BRDA:20,1,0,0
BRDA:20,1,1,0
BRDA:20,1,2,0
BRDA:21,2,0,0
BRDA:21,2,1,0
BRDA:21,2,2,0
BRDA:21,2,3,0
BRDA:22,3,0,0
BRDA:22,3,1,0
BRDA:22,3,2,0
BRDA:22,3,3,0
BRDA:24,4,0,0
BRDA:24,4,1,0
BRDA:25,5,0,0
BRDA:25,5,1,0
BRDA:30,6,0,0
BRDA:30,6,1,0
BRDA:30,7,0,0
BRDA:30,7,1,0
BRDA:30,7,2,0
BRDA:31,8,0,0
BRDA:31,8,1,0
BRDA:31,8,2,0
BRF:25
BRH:0
end_of_record
TN:
SF:software-testing-assignment\.internal\arrayReduce.js
FN:12,arrayReduce
FNF:1
FNH:1
FNDA:11,arrayReduce
DA:13,11
DA:14,11
DA:16,11
DA:17,1
DA:19,11
DA:20,32
DA:22,11
LF:7
LH:7
BRDA:14,0,0,0
BRDA:14,0,1,11
BRDA:16,1,0,1
BRDA:16,1,1,10
BRDA:16,2,0,11
BRDA:16,2,1,2
BRF:6
BRH:5
end_of_record
TN:
SF:software-testing-assignment\.internal\asciiToArray.js
FN:8,asciiToArray
FNF:1
FNH:0
FNDA:0,asciiToArray
DA:9,0
LF:1
LH:0
BRF:0
BRH:0
end_of_record
TN:
SF:software-testing-assignment\.internal\baseAssignValue.js
FN:10,baseAssignValue
FNF:1
FNH:1
FNDA:11,baseAssignValue
DA:11,11
DA:12,0
DA:19,11
LF:3
LH:2
BRDA:11,0,0,0
BRDA:11,0,1,11
BRF:2
BRH:1
end_of_record
TN:
SF:software-testing-assignment\.internal\baseEach.js
FN:12,baseEach
FNF:1
FNH:1
FNDA:5,baseEach
DA:13,5
DA:14,0
DA:16,5
DA:17,5
DA:19,0
DA:20,0
DA:21,0
DA:23,0
DA:24,0
DA:25,0
DA:28,0
LF:11
LH:3
BRDA:13,0,0,0
BRDA:13,0,1,5
BRDA:16,1,0,5
BRDA:16,1,1,0
BRDA:24,2,0,0
BRDA:24,2,1,0
BRF:6
BRH:2
end_of_record
TN:
SF:software-testing-assignment\.internal\baseFor.js
FN:12,baseFor
FNF:1
FNH:1
FNDA:5,baseFor
DA:13,5
DA:14,5
DA:15,5
DA:16,5
DA:18,5
DA:19,10
DA:20,10
DA:21,0
DA:24,5
LF:9
LH:8
BRDA:20,0,0,0
BRDA:20,0,1,10
BRF:2
BRH:1
end_of_record
TN:
SF:software-testing-assignment\.internal\baseForOwn.js
FN:12,baseForOwn
FNF:1
FNH:1
FNDA:5,baseForOwn
DA:13,5
LF:1
LH:1
BRDA:13,0,0,5
BRDA:13,0,1,5
BRF:2
BRH:2
end_of_record
TN:
SF:software-testing-assignment\.internal\baseReduce.js
FN:14,baseReduce
FN:15,(anonymous_1)
FNF:2
FNH:2
FNDA:5,baseReduce
FNDA:10,(anonymous_1)
DA:15,5
DA:16,10
DA:20,5
LF:3
LH:3
BRDA:16,0,0,0
BRDA:16,0,1,10
BRF:2
BRH:1
end_of_record
TN:
SF:software-testing-assignment\.internal\baseToNumber.js
FN:14,baseToNumber
FNF:1
FNH:1
FNDA:12,baseToNumber
DA:4,1
DA:15,12
DA:16,12
DA:18,0
DA:19,0
DA:21,0
LF:6
LH:3
BRDA:15,0,0,12
BRDA:15,0,1,0
BRDA:18,1,0,0
BRDA:18,1,1,0
BRF:4
BRH:1
end_of_record
TN:
SF:software-testing-assignment\.internal\baseToString.js
FN:17,baseToString
FNF:1
FNH:1
FNDA:2,baseToString
DA:4,1
DA:7,1
DA:19,2
DA:20,1
DA:22,1
DA:24,0
DA:26,1
DA:27,0
DA:29,1
DA:30,1
LF:10
LH:8
BRDA:19,0,0,1
BRDA:19,0,1,1
BRDA:22,1,0,0
BRDA:22,1,1,1
BRDA:26,2,0,0
BRDA:26,2,1,1
BRDA:27,3,0,0
BRDA:27,3,1,0
BRDA:30,4,0,0
BRDA:30,4,1,1
BRDA:30,5,0,1
BRDA:30,5,1,0
BRF:12
BRH:6
end_of_record
TN:
SF:software-testing-assignment\.internal\castSlice.js
FN:12,castSlice
FNF:1
FNH:0
FNDA:0,castSlice
DA:13,0
DA:14,0
DA:15,0
LF:3
LH:0
BRDA:14,0,0,0
BRDA:14,0,1,0
BRDA:15,1,0,0
BRDA:15,1,1,0
BRDA:15,2,0,0
BRDA:15,2,1,0
BRF:6
BRH:0
end_of_record
TN:
SF:software-testing-assignment\.internal\createCaseFirst.js
FN:12,createCaseFirst
FN:13,(anonymous_1)
FNF:2
FNH:2
FNDA:1,createCaseFirst
FNDA:15,(anonymous_1)
DA:13,1
DA:14,15
DA:15,3
DA:18,12
DA:22,12
DA:26,12
DA:30,12
LF:7
LH:7
BRDA:14,0,0,3
BRDA:14,0,1,12
BRDA:18,1,0,0
BRDA:18,1,1,12
BRDA:22,2,0,0
BRDA:22,2,1,12
BRDA:26,3,0,0
BRDA:26,3,1,12
BRF:8
BRH:5
end_of_record
TN:
SF:software-testing-assignment\.internal\createMathOperation.js
FN:12,createMathOperation
FN:13,(anonymous_1)
FNF:2
FNH:2
FNDA:1,createMathOperation
FNDA:9,(anonymous_1)
DA:13,1
DA:14,9
DA:15,1
DA:17,8
DA:18,1
DA:20,7
DA:21,0
DA:23,7
DA:24,1
DA:25,1
DA:28,6
DA:29,6
DA:31,7
LF:13
LH:12
BRDA:14,0,0,1
BRDA:14,0,1,8
BRDA:14,1,0,9
BRDA:14,1,1,1
BRDA:17,2,0,1
BRDA:17,2,1,7
BRDA:17,3,0,8
BRDA:17,3,1,8
BRDA:20,4,0,0
BRDA:20,4,1,7
BRDA:20,5,0,7
BRDA:20,5,1,7
BRDA:23,6,0,1
BRDA:23,6,1,6
BRDA:23,7,0,7
BRDA:23,7,1,6
BRF:16
BRH:15
end_of_record
TN:
SF:software-testing-assignment\.internal\freeGlobal.js
FNF:0
FNH:0
DA:2,3
LF:1
LH:1
BRDA:2,0,0,3
BRDA:2,0,1,3
BRDA:2,0,2,3
BRDA:2,0,3,3
BRF:4
BRH:4
end_of_record
TN:
SF:software-testing-assignment\.internal\getTag.js
FN:10,getTag
FNF:1
FNH:1
FNDA:14,getTag
DA:1,5
DA:11,14
DA:12,0
DA:14,14
LF:4
LH:3
BRDA:11,0,0,0
BRDA:11,0,1,14
BRDA:12,1,0,0
BRDA:12,1,1,0
BRF:4
BRH:1
end_of_record
TN:
SF:software-testing-assignment\.internal\hasUnicode.js
FN:24,hasUnicode
FNF:1
FNH:1
FNDA:12,hasUnicode
DA:2,1
DA:3,1
DA:4,1
DA:5,1
DA:6,1
DA:7,1
DA:8,1
DA:9,1
DA:12,1
DA:15,1
DA:25,12
LF:11
LH:11
BRF:0
BRH:0
end_of_record
TN:
SF:software-testing-assignment\.internal\isIndex.js
FN:15,isIndex
FNF:1
FNH:0
FNDA:0,isIndex
DA:2,2
DA:5,2
DA:16,0
DA:17,0
DA:19,0
LF:5
LH:2
BRDA:17,0,0,0
BRDA:17,0,1,0
BRDA:19,1,0,0
BRDA:19,1,1,0
BRDA:19,1,2,0
BRDA:19,1,3,0
BRDA:19,1,4,0
BRDA:19,1,5,0
BRDA:19,1,6,0
BRF:9
BRH:0
end_of_record
TN:
SF:software-testing-assignment\.internal\isPrototype.js
FN:11,isPrototype
FNF:1
FNH:1
FNDA:8,isPrototype
DA:2,1
DA:12,8
DA:13,8
DA:15,8
LF:4
LH:4
BRDA:12,0,0,8
BRDA:12,0,1,7
BRDA:13,1,0,8
BRDA:13,1,1,7
BRDA:13,1,2,1
BRF:5
BRH:5
end_of_record
TN:
SF:software-testing-assignment\.internal\nodeTypes.js
FN:16,(anonymous_0)
FNF:1
FNH:1
FNDA:3,(anonymous_0)
DA:4,3
DA:7,3
DA:10,3
DA:13,3
DA:16,3
DA:17,3
DA:20,3
DA:21,3
LF:8
LH:8
BRDA:4,0,0,3
BRDA:4,0,1,3
BRDA:4,0,2,3
BRDA:4,0,3,3
BRDA:7,1,0,3
BRDA:7,1,1,3
BRDA:7,1,2,3
BRDA:7,1,3,3
BRDA:7,1,4,3
BRDA:10,2,0,3
BRDA:10,2,1,3
BRDA:13,3,0,3
BRDA:13,3,1,3
BRDA:20,4,0,3
BRDA:20,4,1,3
BRDA:20,4,2,3
BRDA:21,5,0,3
BRDA:21,5,1,0
BRDA:24,6,0,0
BRDA:24,6,1,0
BRDA:24,6,2,0
BRF:21
BRH:17
end_of_record
TN:
SF:software-testing-assignment\.internal\root.js
FNF:0
FNH:0
DA:5,3
DA:8,3
DA:11,3
LF:3
LH:3
BRDA:5,0,0,3
BRDA:5,0,1,3
BRDA:5,0,2,3
BRDA:5,0,3,3
BRDA:8,1,0,3
BRDA:8,1,1,0
BRDA:8,1,2,0
BRDA:8,1,3,0
BRDA:11,2,0,3
BRDA:11,2,1,0
BRDA:11,2,2,0
BRDA:11,2,3,0
BRF:12
BRH:6
end_of_record
TN:
SF:software-testing-assignment\.internal\stringToArray.js
FN:12,stringToArray
FNF:1
FNH:0
FNDA:0,stringToArray
DA:13,0
LF:1
LH:0
BRDA:13,0,0,0
BRDA:13,0,1,0
BRF:2
BRH:0
end_of_record
TN:
SF:software-testing-assignment\.internal\unicodeToArray.js
FN:39,unicodeToArray
FNF:1
FNH:0
FNDA:0,unicodeToArray
DA:2,1
DA:3,1
DA:4,1
DA:5,1
DA:6,1
DA:7,1
DA:8,1
DA:9,1
DA:12,1
DA:13,1
DA:14,1
DA:15,1
DA:16,1
DA:17,1
DA:18,1
DA:19,1
DA:22,1
DA:23,1
DA:24,1
DA:25,1
DA:26,1
DA:27,1
DA:30,1
DA:40,0
LF:24
LH:23
BRDA:40,0,0,0
BRDA:40,0,1,0
BRF:2
BRH:0
end_of_record
