TN:
SF:software-testing-assignment\add.js
FN:16,(anonymous_0)
FNF:1
FNH:1
FNDA:8,(anonymous_0)
DA:16,8
LF:1
LH:1
BRF:0
BRH:0
end_of_record
TN:
SF:software-testing-assignment\isArguments.js
FN:19,isArguments
FNF:1
FNH:0
FNDA:0,isArguments
DA:20,0
LF:1
LH:0
BRDA:20,0,0,0
BRDA:20,0,1,0
BRF:2
BRH:0
end_of_record
TN:
SF:software-testing-assignment\isArrayLike.js
FN:26,isArrayLike
FNF:1
FNH:1
FNDA:19,isArrayLike
DA:27,19
LF:1
LH:1
BRDA:27,0,0,19
BRDA:27,0,1,19
BRDA:27,0,2,19
BRF:3
BRH:3
end_of_record
TN:
SF:software-testing-assignment\isBuffer.js
FN:33,(anonymous_0)
FNF:1
FNH:0
FNDA:0,(anonymous_0)
DA:4,1
DA:7,1
DA:10,1
DA:13,1
DA:16,1
DA:33,1
LF:6
LH:6
BRDA:4,0,0,1
BRDA:4,0,1,1
BRDA:4,0,2,1
BRDA:4,0,3,1
BRDA:7,1,0,1
BRDA:7,1,1,1
BRDA:7,1,2,1
BRDA:7,1,3,1
BRDA:7,1,4,1
BRDA:10,2,0,1
BRDA:10,2,1,1
BRDA:13,3,0,1
BRDA:13,3,1,0
BRDA:16,4,0,1
BRDA:16,4,1,0
BRDA:33,5,0,1
BRDA:33,5,1,0
BRF:17
BRH:14
end_of_record
TN:
SF:software-testing-assignment\isEmpty.js
FN:45,isEmpty
FNF:1
FNH:1
FNDA:22,isEmpty
DA:9,1
DA:46,22
DA:47,3
DA:49,19
DA:52,5
DA:54,14
DA:55,14
DA:56,6
DA:58,8
DA:59,0
DA:61,8
DA:62,2
DA:63,2
DA:66,6
LF:14
LH:13
BRDA:46,0,0,3
BRDA:46,0,1,19
BRDA:49,1,0,5
BRDA:49,1,1,14
BRDA:49,2,0,19
BRDA:49,2,1,5
BRDA:49,2,2,2
BRDA:49,2,3,0
BRDA:49,2,4,0
BRDA:49,2,5,0
BRDA:49,2,6,0
BRDA:55,3,0,6
BRDA:55,3,1,8
BRDA:55,4,0,14
BRDA:55,4,1,11
BRDA:58,5,0,0
BRDA:58,5,1,8
BRDA:62,6,0,2
BRDA:62,6,1,0
BRF:19
BRH:13
end_of_record
TN:
SF:software-testing-assignment\isLength.js
FN:28,isLength
FNF:1
FNH:1
FNDA:19,isLength
DA:2,1
DA:29,19
LF:2
LH:2
BRDA:29,0,0,19
BRDA:29,0,1,5
BRDA:29,0,2,5
BRDA:29,0,3,5
BRF:4
BRH:4
end_of_record
TN:
SF:software-testing-assignment\isObjectLike.js
FN:23,isObjectLike
FNF:1
FNH:0
FNDA:0,isObjectLike
DA:24,0
LF:1
LH:0
BRDA:24,0,0,0
BRDA:24,0,1,0
BRF:2
BRH:0
end_of_record
TN:
SF:software-testing-assignment\isSymbol.js
FN:18,isSymbol
FNF:1
FNH:1
FNDA:11,isSymbol
DA:19,11
DA:20,11
LF:2
LH:2
BRDA:20,0,0,11
BRDA:20,0,1,11
BRDA:20,0,2,1
BRDA:20,0,3,0
BRF:4
BRH:3
end_of_record
TN:
SF:software-testing-assignment\isTypedArray.js
FN:27,(anonymous_0)
FN:28,(anonymous_1)
FNF:2
FNH:0
FNDA:0,(anonymous_0)
FNDA:0,(anonymous_1)
DA:6,1
DA:9,1
DA:26,1
DA:27,0
DA:28,0
LF:5
LH:3
BRDA:9,0,0,1
BRDA:9,0,1,1
BRDA:26,1,0,1
BRDA:26,1,1,0
BRDA:28,2,0,0
BRDA:28,2,1,0
BRF:6
BRH:3
end_of_record
TN:
SF:software-testing-assignment\slice.js
FN:21,slice
FNF:1
FNH:0
FNDA:0,slice
DA:22,0
DA:23,0
DA:24,0
DA:26,0
DA:27,0
DA:29,0
DA:30,0
DA:32,0
DA:33,0
DA:35,0
DA:36,0
DA:38,0
DA:39,0
DA:40,0
DA:41,0
DA:43,0
LF:16
LH:0
BRDA:22,0,0,0
BRDA:22,0,1,0
BRDA:23,1,0,0
BRDA:23,1,1,0
BRDA:26,2,0,0
BRDA:26,2,1,0
BRDA:27,3,0,0
BRDA:27,3,1,0
BRDA:29,4,0,0
BRDA:29,4,1,0
BRDA:30,5,0,0
BRDA:30,5,1,0
BRDA:32,6,0,0
BRDA:32,6,1,0
BRDA:35,7,0,0
BRDA:35,7,1,0
BRF:16
BRH:0
end_of_record
TN:
SF:software-testing-assignment\toString.js
FN:25,toString
FN:33,(anonymous_1)
FNF:2
FNH:2
FNDA:11,toString
FNDA:3,(anonymous_1)
DA:4,1
DA:28,11
DA:29,0
DA:31,11
DA:33,3
DA:35,10
DA:36,0
DA:38,10
DA:39,10
LF:9
LH:7
BRDA:28,0,0,0
BRDA:28,0,1,11
BRDA:31,1,0,1
BRDA:31,1,1,10
BRDA:33,2,0,0
BRDA:33,2,1,3
BRDA:35,3,0,0
BRDA:35,3,1,10
BRDA:39,4,0,0
BRDA:39,4,1,10
BRDA:39,5,0,10
BRDA:39,5,1,0
BRF:12
BRH:7
end_of_record
TN:
SF:software-testing-assignment\upperFirst.js
FNF:0
FNH:0
DA:19,2
LF:1
LH:1
BRF:0
BRH:0
end_of_record
TN:
SF:software-testing-assignment\.internal\asciiToArray.js
FN:8,asciiToArray
FNF:1
FNH:0
FNDA:0,asciiToArray
DA:9,0
LF:1
LH:0
BRF:0
BRH:0
end_of_record
TN:
SF:software-testing-assignment\.internal\baseToNumber.js
FN:14,baseToNumber
FNF:1
FNH:1
FNDA:14,baseToNumber
DA:4,1
DA:15,14
DA:16,14
DA:18,0
DA:19,0
DA:21,0
LF:6
LH:3
BRDA:15,0,0,14
BRDA:15,0,1,0
BRDA:18,1,0,0
BRDA:18,1,1,0
BRF:4
BRH:1
end_of_record
TN:
SF:software-testing-assignment\.internal\baseToString.js
FN:17,baseToString
FNF:1
FNH:1
FNDA:2,baseToString
DA:4,1
DA:7,1
DA:19,2
DA:20,1
DA:22,1
DA:24,0
DA:26,1
DA:27,0
DA:29,1
DA:30,1
LF:10
LH:8
BRDA:19,0,0,1
BRDA:19,0,1,1
BRDA:22,1,0,0
BRDA:22,1,1,1
BRDA:26,2,0,0
BRDA:26,2,1,1
BRDA:27,3,0,0
BRDA:27,3,1,0
BRDA:30,4,0,0
BRDA:30,4,1,1
BRDA:30,5,0,1
BRDA:30,5,1,0
BRF:12
BRH:6
end_of_record
TN:
SF:software-testing-assignment\.internal\castSlice.js
FN:12,castSlice
FNF:1
FNH:0
FNDA:0,castSlice
DA:13,0
DA:14,0
DA:15,0
LF:3
LH:0
BRDA:14,0,0,0
BRDA:14,0,1,0
BRDA:15,1,0,0
BRDA:15,1,1,0
BRDA:15,2,0,0
BRDA:15,2,1,0
BRF:6
BRH:0
end_of_record
TN:
SF:software-testing-assignment\.internal\createCaseFirst.js
FN:12,createCaseFirst
FN:13,(anonymous_1)
FNF:2
FNH:2
FNDA:2,createCaseFirst
FNDA:15,(anonymous_1)
DA:13,2
DA:14,15
DA:15,3
DA:18,12
DA:22,12
DA:26,12
DA:30,12
LF:7
LH:7
BRDA:14,0,0,3
BRDA:14,0,1,12
BRDA:18,1,0,0
BRDA:18,1,1,12
BRDA:22,2,0,0
BRDA:22,2,1,12
BRDA:26,3,0,0
BRDA:26,3,1,12
BRF:8
BRH:5
end_of_record
TN:
SF:software-testing-assignment\.internal\createMathOperation.js
FN:12,createMathOperation
FN:13,(anonymous_1)
FNF:2
FNH:2
FNDA:1,createMathOperation
FNDA:10,(anonymous_1)
DA:13,1
DA:14,10
DA:15,1
DA:17,9
DA:18,1
DA:20,8
DA:21,0
DA:23,8
DA:24,1
DA:25,1
DA:28,7
DA:29,7
DA:31,8
LF:13
LH:12
BRDA:14,0,0,1
BRDA:14,0,1,9
BRDA:14,1,0,10
BRDA:14,1,1,1
BRDA:17,2,0,1
BRDA:17,2,1,8
BRDA:17,3,0,9
BRDA:17,3,1,9
BRDA:20,4,0,0
BRDA:20,4,1,8
BRDA:20,5,0,8
BRDA:20,5,1,8
BRDA:23,6,0,1
BRDA:23,6,1,7
BRDA:23,7,0,8
BRDA:23,7,1,7
BRF:16
BRH:15
end_of_record
TN:
SF:software-testing-assignment\.internal\freeGlobal.js
FNF:0
FNH:0
DA:2,1
LF:1
LH:1
BRDA:2,0,0,1
BRDA:2,0,1,1
BRDA:2,0,2,1
BRDA:2,0,3,1
BRF:4
BRH:4
end_of_record
TN:
SF:software-testing-assignment\.internal\getTag.js
FN:10,getTag
FNF:1
FNH:1
FNDA:14,getTag
DA:1,3
DA:11,14
DA:12,0
DA:14,14
LF:4
LH:3
BRDA:11,0,0,0
BRDA:11,0,1,14
BRDA:12,1,0,0
BRDA:12,1,1,0
BRF:4
BRH:1
end_of_record
TN:
SF:software-testing-assignment\.internal\hasUnicode.js
FN:24,hasUnicode
FNF:1
FNH:1
FNDA:12,hasUnicode
DA:2,2
DA:3,2
DA:4,2
DA:5,2
DA:6,2
DA:7,2
DA:8,2
DA:9,2
DA:12,2
DA:15,2
DA:25,12
LF:11
LH:11
BRF:0
BRH:0
end_of_record
TN:
SF:software-testing-assignment\.internal\isPrototype.js
FN:11,isPrototype
FNF:1
FNH:1
FNDA:8,isPrototype
DA:2,1
DA:12,8
DA:13,8
DA:15,8
LF:4
LH:4
BRDA:12,0,0,8
BRDA:12,0,1,7
BRDA:13,1,0,8
BRDA:13,1,1,7
BRDA:13,1,2,1
BRF:5
BRH:5
end_of_record
TN:
SF:software-testing-assignment\.internal\nodeTypes.js
FN:16,(anonymous_0)
FNF:1
FNH:1
FNDA:1,(anonymous_0)
DA:4,1
DA:7,1
DA:10,1
DA:13,1
DA:16,1
DA:17,1
DA:20,1
DA:21,1
LF:8
LH:8
BRDA:4,0,0,1
BRDA:4,0,1,1
BRDA:4,0,2,1
BRDA:4,0,3,1
BRDA:7,1,0,1
BRDA:7,1,1,1
BRDA:7,1,2,1
BRDA:7,1,3,1
BRDA:7,1,4,1
BRDA:10,2,0,1
BRDA:10,2,1,1
BRDA:13,3,0,1
BRDA:13,3,1,1
BRDA:20,4,0,1
BRDA:20,4,1,1
BRDA:20,4,2,1
BRDA:21,5,0,1
BRDA:21,5,1,0
BRDA:24,6,0,0
BRDA:24,6,1,0
BRDA:24,6,2,0
BRF:21
BRH:17
end_of_record
TN:
SF:software-testing-assignment\.internal\root.js
FNF:0
FNH:0
DA:5,1
DA:8,1
DA:11,1
LF:3
LH:3
BRDA:5,0,0,1
BRDA:5,0,1,1
BRDA:5,0,2,1
BRDA:5,0,3,1
BRDA:8,1,0,1
BRDA:8,1,1,0
BRDA:8,1,2,0
BRDA:8,1,3,0
BRDA:11,2,0,1
BRDA:11,2,1,0
BRDA:11,2,2,0
BRDA:11,2,3,0
BRF:12
BRH:6
end_of_record
TN:
SF:software-testing-assignment\.internal\stringToArray.js
FN:12,stringToArray
FNF:1
FNH:0
FNDA:0,stringToArray
DA:13,0
LF:1
LH:0
BRDA:13,0,0,0
BRDA:13,0,1,0
BRF:2
BRH:0
end_of_record
TN:
SF:software-testing-assignment\.internal\unicodeToArray.js
FN:39,unicodeToArray
FNF:1
FNH:0
FNDA:0,unicodeToArray
DA:2,2
DA:3,2
DA:4,2
DA:5,2
DA:6,2
DA:7,2
DA:8,2
DA:9,2
DA:12,2
DA:13,2
DA:14,2
DA:15,2
DA:16,2
DA:17,2
DA:18,2
DA:19,2
DA:22,2
DA:23,2
DA:24,2
DA:25,2
DA:26,2
DA:27,2
DA:30,2
DA:40,0
LF:24
LH:23
BRDA:40,0,0,0
BRDA:40,0,1,0
BRF:2
BRH:0
end_of_record
